c:\workspace\exon\temp\intermediate\vs2017\obj\win64\debug\extern.glfw)\egl_context.obj
c:\workspace\exon\temp\intermediate\vs2017\obj\win64\debug\extern.glfw)\win32_time.obj
c:\workspace\exon\temp\intermediate\vs2017\obj\win64\debug\extern.glfw)\win32_init.obj
c:\workspace\exon\temp\intermediate\vs2017\obj\win64\debug\extern.glfw)\win32_monitor.obj
c:\workspace\exon\temp\intermediate\vs2017\obj\win64\debug\extern.glfw)\monitor.obj
c:\workspace\exon\temp\intermediate\vs2017\obj\win64\debug\extern.glfw)\wgl_context.obj
c:\workspace\exon\temp\intermediate\vs2017\obj\win64\debug\extern.glfw)\win32_tls.obj
c:\workspace\exon\temp\intermediate\vs2017\obj\win64\debug\extern.glfw)\input.obj
c:\workspace\exon\temp\intermediate\vs2017\obj\win64\debug\extern.glfw)\win32_window.obj
c:\workspace\exon\temp\intermediate\vs2017\obj\win64\debug\extern.glfw)\init.obj
c:\workspace\exon\temp\intermediate\vs2017\obj\win64\debug\extern.glfw)\xkb_unicode.obj
c:\workspace\exon\temp\intermediate\vs2017\obj\win64\debug\extern.glfw)\context.obj
c:\workspace\exon\temp\intermediate\vs2017\obj\win64\debug\extern.glfw)\win32_joystick.obj
c:\workspace\exon\temp\intermediate\vs2017\obj\win64\debug\extern.glfw)\vulkan.obj
c:\workspace\exon\temp\intermediate\vs2017\obj\win64\debug\extern.glfw)\window.obj
c:\workspace\exon\temp\intermediate\vs2017\obj\win64\debug\extern.glfw)\extern.glfw_compiler.pdb
c:\workspace\exon\sharpmake\vs2017\output\win64\debug\extern.glfw.lib
c:\workspace\exon\temp\intermediate\vs2017\obj\win64\debug\extern.glfw)\extern.glfw.tlog\cl.11880.write.1.tlog
c:\workspace\exon\temp\intermediate\vs2017\obj\win64\debug\extern.glfw)\extern.glfw.tlog\cl.command.1.tlog
c:\workspace\exon\temp\intermediate\vs2017\obj\win64\debug\extern.glfw)\extern.glfw.tlog\cl.read.1.tlog
c:\workspace\exon\temp\intermediate\vs2017\obj\win64\debug\extern.glfw)\extern.glfw.tlog\lib-link.read.1.tlog
c:\workspace\exon\temp\intermediate\vs2017\obj\win64\debug\extern.glfw)\extern.glfw.tlog\lib-link.write.1.tlog
c:\workspace\exon\temp\intermediate\vs2017\obj\win64\debug\extern.glfw)\extern.glfw.tlog\lib.command.1.tlog
