  context.c
  egl_context.c
  init.c
  input.c
  monitor.c
  vulkan.c
  wgl_context.c
  win32_init.c
c:\workspace\exon\extern\glfw-3.2.1\src\init.c(197): warning C4152: extensión no estándar; conversión de puntero a función/datos en la expresión
c:\workspace\exon\extern\glfw-3.2.1\src\context.c(377): warning C4996: 'sscanf': This function or variable may be unsafe. Consider using sscanf_s instead. To disable deprecation, use _CRT_SECURE_NO_WARNINGS. See online help for details.
c:\workspace\exon\extern\glfw-3.2.1\src\input.c(465): warning C4152: extensión no estándar; conversión de puntero a función/datos en la expresión
  c:\program files (x86)\windows kits\10\include\10.0.17134.0\ucrt\stdio.h(2263): note: vea la declaración de 'sscanf'
c:\workspace\exon\extern\glfw-3.2.1\src\input.c(475): warning C4152: extensión no estándar; conversión de puntero a función/datos en la expresión
c:\workspace\exon\extern\glfw-3.2.1\src\input.c(485): warning C4152: extensión no estándar; conversión de puntero a función/datos en la expresión
c:\workspace\exon\extern\glfw-3.2.1\src\input.c(496): warning C4152: extensión no estándar; conversión de puntero a función/datos en la expresión
c:\workspace\exon\extern\glfw-3.2.1\src\input.c(507): warning C4152: extensión no estándar; conversión de puntero a función/datos en la expresión
c:\workspace\exon\extern\glfw-3.2.1\src\input.c(518): warning C4152: extensión no estándar; conversión de puntero a función/datos en la expresión
c:\workspace\exon\extern\glfw-3.2.1\src\input.c(529): warning C4152: extensión no estándar; conversión de puntero a función/datos en la expresión
c:\workspace\exon\extern\glfw-3.2.1\src\input.c(539): warning C4152: extensión no estándar; conversión de puntero a función/datos en la expresión
c:\workspace\exon\extern\glfw-3.2.1\src\input.c(604): warning C4152: extensión no estándar; conversión de puntero a función/datos en la expresión
c:\workspace\exon\extern\glfw-3.2.1\src\monitor.c(370): warning C4152: extensión no estándar; conversión de puntero a función/datos en la expresión
c:\workspace\exon\extern\glfw-3.2.1\src\win32_init.c(299): warning C4244: '=': conversión de 'int' a 'short'; posible pérdida de datos
  win32_joystick.c
  win32_monitor.c
  win32_time.c
  win32_tls.c
  win32_window.c
  window.c
  xkb_unicode.c
c:\workspace\exon\extern\glfw-3.2.1\src\win32_monitor.c(68): warning C4996: 'wcscpy': This function or variable may be unsafe. Consider using wcscpy_s instead. To disable deprecation, use _CRT_SECURE_NO_WARNINGS. See online help for details.
c:\workspace\exon\extern\glfw-3.2.1\src\win32_monitor.c(77): warning C4996: 'wcscpy': This function or variable may be unsafe. Consider using wcscpy_s instead. To disable deprecation, use _CRT_SECURE_NO_WARNINGS. See online help for details.
c:\workspace\exon\extern\glfw-3.2.1\src\window.c(796): warning C4152: extensión no estándar; conversión de puntero a función/datos en la expresión
c:\workspace\exon\extern\glfw-3.2.1\src\window.c(807): warning C4152: extensión no estándar; conversión de puntero a función/datos en la expresión
c:\workspace\exon\extern\glfw-3.2.1\src\window.c(818): warning C4152: extensión no estándar; conversión de puntero a función/datos en la expresión
c:\workspace\exon\extern\glfw-3.2.1\src\window.c(829): warning C4152: extensión no estándar; conversión de puntero a función/datos en la expresión
c:\workspace\exon\extern\glfw-3.2.1\src\window.c(840): warning C4152: extensión no estándar; conversión de puntero a función/datos en la expresión
c:\workspace\exon\extern\glfw-3.2.1\src\window.c(851): warning C4152: extensión no estándar; conversión de puntero a función/datos en la expresión
c:\workspace\exon\extern\glfw-3.2.1\src\window.c(862): warning C4152: extensión no estándar; conversión de puntero a función/datos en la expresión
c:\workspace\exon\extern\glfw-3.2.1\src\win32_joystick.c(333): warning C4100: 'user': parámetro formal sin referencia
c:\workspace\exon\extern\glfw-3.2.1\src\win32_window.c(187): warning C4204: se ha utilizado una extensión no estándar: inicializador de agregado no constante
c:\workspace\exon\extern\glfw-3.2.1\src\win32_window.c(1115): warning C4204: se ha utilizado una extensión no estándar: inicializador de agregado no constante
c:\workspace\exon\extern\glfw-3.2.1\src\win32_window.c(1142): warning C4204: se ha utilizado una extensión no estándar: inicializador de agregado no constante
c:\workspace\exon\extern\glfw-3.2.1\src\win32_window.c(1259): warning C4204: se ha utilizado una extensión no estándar: inicializador de agregado no constante
c:\workspace\exon\extern\glfw-3.2.1\src\win32_window.c(1303): warning C4204: se ha utilizado una extensión no estándar: inicializador de agregado no constante
c:\workspace\exon\extern\glfw-3.2.1\src\win32_window.c(1248): warning C4100: 'refreshRate': parámetro formal sin referencia
c:\workspace\exon\extern\glfw-3.2.1\src\win32_window.c(1456): warning C4204: se ha utilizado una extensión no estándar: inicializador de agregado no constante
c:\workspace\exon\extern\glfw-3.2.1\src\win32_window.c(1545): warning C4100: 'cursor': parámetro formal sin referencia
c:\workspace\exon\extern\glfw-3.2.1\src\win32_window.c(1551): warning C4100: 'window': parámetro formal sin referencia
c:\workspace\exon\extern\glfw-3.2.1\src\win32_window.c(1598): warning C4100: 'window': parámetro formal sin referencia
  extern.glfw.vs2017.vcxproj -> C:\workspace\exon\sharpmake\vs2017\output\win64\debug\extern.glfw.lib
